<?xml version="1.0" encoding="UTF-8"?>
<!-- Generated by org.testng.reporters.JUnitXMLReporter -->
<testsuite ignored="3" hostname="DESKTOP-RFLVK9L" failures="1" tests="2" name="ChromeTest" time="0.101" errors="0" timestamp="2023-02-12T05:15:35 MST">
  <testcase classname="test.BaseTest" name="@AfterMethod removeDriver" time="0.001">
    <failure type="java.lang.NullPointerException" message="Cannot invoke &amp;quot;org.openqa.selenium.WebDriver.quit()&amp;quot; because the return value of &amp;quot;test.BaseTest.getDriver()&amp;quot; is null">
      <![CDATA[java.lang.NullPointerException: Cannot invoke "org.openqa.selenium.WebDriver.quit()" because the return value of "test.BaseTest.getDriver()" is null
at test.BaseTest.removeDriver(BaseTest.java:56)
at java.base/java.util.ArrayList.forEach(ArrayList.java:1511)
at java.base/java.util.concurrent.FutureTask.run(FutureTask.java:264)
at java.base/java.util.concurrent.ThreadPoolExecutor.runWorker(ThreadPoolExecutor.java:1136)
at java.base/java.util.concurrent.ThreadPoolExecutor$Worker.run(ThreadPoolExecutor.java:635)
at java.base/java.lang.Thread.run(Thread.java:833)
... Removed 22 stack frames]]>
    </failure>
  </testcase> <!-- @AfterMethod removeDriver -->
  <testcase classname="test.BaseTest" name="@AfterMethod removeDriver" time="0.001">
    <failure type="java.lang.NullPointerException" message="Cannot invoke &amp;quot;org.openqa.selenium.WebDriver.quit()&amp;quot; because the return value of &amp;quot;test.BaseTest.getDriver()&amp;quot; is null">
      <![CDATA[java.lang.NullPointerException: Cannot invoke "org.openqa.selenium.WebDriver.quit()" because the return value of "test.BaseTest.getDriver()" is null
at test.BaseTest.removeDriver(BaseTest.java:56)
at java.base/java.util.ArrayList.forEach(ArrayList.java:1511)
at java.base/java.util.concurrent.FutureTask.run(FutureTask.java:264)
at java.base/java.util.concurrent.ThreadPoolExecutor.runWorker(ThreadPoolExecutor.java:1136)
at java.base/java.util.concurrent.ThreadPoolExecutor$Worker.run(ThreadPoolExecutor.java:635)
at java.base/java.lang.Thread.run(Thread.java:833)
... Removed 22 stack frames]]>
    </failure>
  </testcase> <!-- @AfterMethod removeDriver -->
  <testcase classname="test.BaseTest" name="@AfterMethod removeDriver" time="0.0">
    <skipped/>
  </testcase> <!-- @AfterMethod removeDriver -->
  <testcase classname="test.BaseTest" name="@AfterMethod removeDriver" time="0.0">
    <skipped/>
  </testcase> <!-- @AfterMethod removeDriver -->
  <testcase classname="test.LoginTest" name="clearpassword_TC_01" time="0.04">
    <failure type="java.lang.NullPointerException" message="Cannot invoke &amp;quot;org.openqa.selenium.WebDriver.get(String)&amp;quot; because &amp;quot;driver&amp;quot; is null">
      <![CDATA[java.lang.NullPointerException: Cannot invoke "org.openqa.selenium.WebDriver.get(String)" because "driver" is null
at pages.LoginPage.launchApp(LoginPage.java:189)
at test.LoginTest.clearpassword_TC_01(LoginTest.java:22)
at java.base/java.util.ArrayList.forEach(ArrayList.java:1511)
at java.base/java.util.concurrent.FutureTask.run(FutureTask.java:264)
at java.base/java.util.concurrent.ThreadPoolExecutor.runWorker(ThreadPoolExecutor.java:1136)
at java.base/java.util.concurrent.ThreadPoolExecutor$Worker.run(ThreadPoolExecutor.java:635)
at java.base/java.lang.Thread.run(Thread.java:833)
... Removed 17 stack frames]]>
    </failure>
  </testcase> <!-- clearpassword_TC_01 -->
  <testcase classname="test.LoginTest" name="loginToSfdc_TC_02" time="0.0">
    <skipped/>
  </testcase> <!-- loginToSfdc_TC_02 -->
  <testcase classname="test.LoginTest" name="forgotPasswordTC_04A" time="0.0">
    <ignored/>
  </testcase> <!-- forgotPasswordTC_04A -->
  <testcase classname="test.LoginTest" name="validateLoginErrorMsgTC_04B" time="0.0">
    <ignored/>
  </testcase> <!-- validateLoginErrorMsgTC_04B -->
  <testcase classname="test.LoginTest" name="rememberMeCheckbox_TC_03" time="0.0">
    <ignored/>
  </testcase> <!-- rememberMeCheckbox_TC_03 -->
</testsuite> <!-- ChromeTest -->
