<?xml version="1.0" encoding="UTF-8"?>
<!-- Generated by org.testng.reporters.JUnitReportReporter -->
<testsuite hostname="DESKTOP-RFLVK9L" failures="0" tests="2" name="test.MyProfileTest" time="-1676203392.000" errors="1" timestamp="2023-02-12T05:03:42 MST" skipped="1">
  <testcase classname="test.MyProfileTest" name="setDriver" time="-1676203392.000">
    <error message="
Parameter &#039;browser&#039; is required by BeforeMethod on method setDriver but has not been marked @Optional or defined
in C:\eclipseWorkspace\SfdcHybridFramework\LogiMyprofileParallelTestng.xml" type="org.testng.TestNGException">
      <![CDATA[org.testng.TestNGException: 
Parameter 'browser' is required by BeforeMethod on method setDriver but has not been marked @Optional or defined
in C:\eclipseWorkspace\SfdcHybridFramework\LogiMyprofileParallelTestng.xml
at org.testng.internal.Parameters.createParams(Parameters.java:267)
at org.testng.internal.Parameters.createParametersForMethod(Parameters.java:355)
at org.testng.internal.Parameters.createParameters(Parameters.java:684)
at org.testng.internal.Parameters.createConfigurationParameters(Parameters.java:166)
at org.testng.internal.invokers.ConfigInvoker.invokeConfigurations(ConfigInvoker.java:277)
at org.testng.internal.invokers.TestInvoker.runConfigMethods(TestInvoker.java:816)
at org.testng.internal.invokers.TestInvoker.invokeMethod(TestInvoker.java:590)
at org.testng.internal.invokers.TestInvoker.invokeTestMethod(TestInvoker.java:221)
at org.testng.internal.invokers.MethodRunner.runInSequence(MethodRunner.java:50)
at org.testng.internal.invokers.TestInvoker$MethodInvocationAgent.invoke(TestInvoker.java:962)
at org.testng.internal.invokers.TestInvoker.invokeTestMethods(TestInvoker.java:194)
at org.testng.internal.invokers.TestMethodWorker.invokeTestMethods(TestMethodWorker.java:148)
at org.testng.internal.invokers.TestMethodWorker.run(TestMethodWorker.java:128)
at java.base/java.util.concurrent.ThreadPoolExecutor.runWorker(ThreadPoolExecutor.java:1136)
at java.base/java.util.concurrent.ThreadPoolExecutor$Worker.run(ThreadPoolExecutor.java:635)
at java.base/java.lang.Thread.run(Thread.java:833)
]]>
    </error>
  </testcase> <!-- setDriver -->
  <system-out/>
  <testcase classname="test.MyProfileTest" name="MyProfileTC_06" time="0.000">
    <skipped/>
  </testcase> <!-- MyProfileTC_06 -->
  <system-out/>
</testsuite> <!-- test.MyProfileTest -->
